<?xml version="1.0" encoding="UTF-8"?>
<!-- Generated by org.testng.reporters.JUnitXMLReporter -->
<testsuite hostname="DESKTOP-ONH3S9L" ignored="0" name="Test" tests="4" failures="0" timestamp="2020-10-24T23:26:18 CDT" time="135.224" errors="0">
  <testcase name="createLead" time="13.187" classname="inteData_ExceltestCase.CreateLead"/>
  <testcase name="createLead" time="13.166" classname="inteData_ExceltestCase.CreateLead"/>
  <testcase name="createLead" time="13.642" classname="inteData_ExceltestCase.CreateLead"/>
  <testcase name="createLead" time="13.501" classname="inteData_ExceltestCase.CreateLead"/>
</testsuite> <!-- Test -->
